<?xml version="1.0" encoding="UTF-8"?>
<testsuite name="runners.TestRunner" tests="0" skipped="0" failures="0" errors="0" timestamp="1970-01-01T00:00:00" hostname="MacBook-Pro-de-Avista.local" time="0.0">
  <properties/>
  <system-out><![CDATA[Feature: Registro tienda cerca

  @test
  Scenario Outline: Registrarse de forma exitosa en la tienda cerca     ?[90m# test.feature:4?[0m
    ?[36mGiven ?[0m?[36mque quiero registrarme en la tienda cerca ingreso a la pagina?[0m
    ?[36mWhen ?[0m?[36mselecciono la ciudad "<ciudad>"?[0m
    ?[36mAnd ?[0m?[36mel tipo de usuario "<consumidor>"?[0m
    ?[36mAnd ?[0m?[36mdiligencio numero telefonico "<celular>"?[0m
    ?[36mAnd ?[0m?[36macepto terminos y condiciones?[0m
    ?[36mAnd ?[0m?[36mdiligencio campos "<nombre>" "<apellido>" "<email>"?[0m
    ?[36mAnd ?[0m?[36mseleciono la direccion "<direccion>"?[0m
    ?[36mThen ?[0m?[36mVisualizo el mensaje de registro exitoso?[0m

    Examples: 
2021-Mar-18 00:24:20 [Test] INFO  : ----------Operation: Seleccion de ciudad ----------
2021-Mar-18 00:24:21 [Test] INFO  : ----------Operation: Seleccion de usuario tipo: Consumidor ----------
2021-Mar-18 00:24:21 [Test] INFO  : ----------Operation: Envio de numero celular 3017211000 ----------
2021-Mar-18 00:24:22 [Test] INFO  : ----------Operation: Aceptando terminos y condiciones ----------
2021-Mar-18 00:24:23 [Test] INFO  : ----------Operation: Diligenciamiento de datos basicos ----------
2021-Mar-18 00:24:23 [Test] INFO  : Nombre: pedro pablo
2021-Mar-18 00:24:23 [Test] INFO  : Apellidos: zapata garcia
2021-Mar-18 00:24:23 [Test] INFO  : Correo electronico: pedrozapata01@gmail.com
2021-Mar-18 00:24:24 [Test] INFO  : ----------Operation: Envio de direccion: Cra. 13 #96-67 ----------
2021-Mar-18 00:24:26 [Test] INFO  : ----------Operation: Obtencion de texto final ----------
2021-Mar-18 00:24:27 [Test] INFO  : ----------Operation successfully completed----------

2021-Mar-18 00:24:27 [Test] INFO  : 
-------- Test finalizado --------
2021-Mar-18 00:24:27 [Test] INFO  : Driver closed

  @test
  Scenario Outline: Registrarse de forma exitosa en la tienda cerca               ?[90m# test.feature:16?[0m
    ?[32mGiven ?[0m?[32mque quiero registrarme en la tienda cerca ingreso a la pagina?[0m           ?[90m# TiendaCerca.que_quiero_registrarme_en_la_tienda_cerca_ingreso_a_la_pagina()?[0m
    ?[32mWhen ?[0m?[32mselecciono la ciudad "?[0m?[32m?[1mBogotá?[0m?[32m"?[0m                                            ?[90m# TiendaCerca.selecciono_la_ciudad(String)?[0m
    ?[32mAnd ?[0m?[32mel tipo de usuario "?[0m?[32m?[1mConsumidor?[0m?[32m"?[0m                                           ?[90m# TiendaCerca.el_tipo_de_usuario(String)?[0m
    ?[32mAnd ?[0m?[32mdiligencio numero telefonico "?[0m?[32m?[1m3017211000?[0m?[32m"?[0m                                 ?[90m# TiendaCerca.diligencio_numero_telefonico(String)?[0m
    ?[32mAnd ?[0m?[32macepto terminos y condiciones?[0m                                             ?[90m# TiendaCerca.acepto_terminos_y_condiciones()?[0m
    ?[32mAnd ?[0m?[32mdiligencio campos "?[0m?[32m?[1mpedro pablo?[0m?[32m" "?[0m?[32m?[1mzapata garcia?[0m?[32m" "?[0m?[32m?[1mpedrozapata01@gmail.com?[0m?[32m"?[0m ?[90m# TiendaCerca.diligencio_campos(String,String,String)?[0m
    ?[32mAnd ?[0m?[32mseleciono la direccion "?[0m?[32m?[1mCra. 13 #96-67?[0m?[32m"?[0m                                   ?[90m# TiendaCerca.seleciono_la_direccion(String)?[0m
    ?[32mThen ?[0m?[32mVisualizo el mensaje de registro exitoso?[0m                                 ?[90m# TiendaCerca.visualizo_el_mensaje_de_registro_exitoso()?[0m

1 Scenarios (?[32m1 passed?[0m)
8 Steps (?[32m8 passed?[0m)
0m27,945s

]]></system-out>
  <system-err><![CDATA[Mar 18, 2021 12:23:59 AM com.aventstack.extentreports.reporter.AbstractReporter loadConfig
SEVERE: Default Properties file not found
java.io.FileNotFoundException: /Users/gilberto.diaz/Desktop/tienda/src/test/resources/extent.properties (No such file or directory)
	at java.io.FileInputStream.open0(Native Method)
	at java.io.FileInputStream.open(FileInputStream.java:195)
	at java.io.FileInputStream.<init>(FileInputStream.java:138)
	at java.io.FileInputStream.<init>(FileInputStream.java:93)
	at com.aventstack.extentreports.reporter.AbstractReporter.loadConfig(AbstractReporter.java:93)
	at runners.TestRunner.setup(TestRunner.java:34)
	at sun.reflect.NativeMethodAccessorImpl.invoke0(Native Method)
	at sun.reflect.NativeMethodAccessorImpl.invoke(NativeMethodAccessorImpl.java:62)
	at sun.reflect.DelegatingMethodAccessorImpl.invoke(DelegatingMethodAccessorImpl.java:43)
	at java.lang.reflect.Method.invoke(Method.java:498)
	at org.junit.runners.model.FrameworkMethod$1.runReflectiveCall(FrameworkMethod.java:50)
	at org.junit.internal.runners.model.ReflectiveCallable.run(ReflectiveCallable.java:12)
	at org.junit.runners.model.FrameworkMethod.invokeExplosively(FrameworkMethod.java:47)
	at org.junit.internal.runners.statements.RunBefores.evaluate(RunBefores.java:24)
	at org.junit.internal.runners.statements.RunAfters.evaluate(RunAfters.java:27)
	at org.junit.runners.ParentRunner.run(ParentRunner.java:363)
	at cucumber.api.junit.Cucumber.run(Cucumber.java:100)
	at org.gradle.api.internal.tasks.testing.junit.JUnitTestClassExecutor.runTestClass(JUnitTestClassExecutor.java:110)
	at org.gradle.api.internal.tasks.testing.junit.JUnitTestClassExecutor.execute(JUnitTestClassExecutor.java:58)
	at org.gradle.api.internal.tasks.testing.junit.JUnitTestClassExecutor.execute(JUnitTestClassExecutor.java:38)
	at org.gradle.api.internal.tasks.testing.junit.AbstractJUnitTestClassProcessor.processTestClass(AbstractJUnitTestClassProcessor.java:62)
	at org.gradle.api.internal.tasks.testing.SuiteTestClassProcessor.processTestClass(SuiteTestClassProcessor.java:51)
	at sun.reflect.NativeMethodAccessorImpl.invoke0(Native Method)
	at sun.reflect.NativeMethodAccessorImpl.invoke(NativeMethodAccessorImpl.java:62)
	at sun.reflect.DelegatingMethodAccessorImpl.invoke(DelegatingMethodAccessorImpl.java:43)
	at java.lang.reflect.Method.invoke(Method.java:498)
	at org.gradle.internal.dispatch.ReflectionDispatch.dispatch(ReflectionDispatch.java:36)
	at org.gradle.internal.dispatch.ReflectionDispatch.dispatch(ReflectionDispatch.java:24)
	at org.gradle.internal.dispatch.ContextClassLoaderDispatch.dispatch(ContextClassLoaderDispatch.java:33)
	at org.gradle.internal.dispatch.ProxyDispatchAdapter$DispatchingInvocationHandler.invoke(ProxyDispatchAdapter.java:94)
	at com.sun.proxy.$Proxy2.processTestClass(Unknown Source)
	at org.gradle.api.internal.tasks.testing.worker.TestWorker.processTestClass(TestWorker.java:118)
	at sun.reflect.NativeMethodAccessorImpl.invoke0(Native Method)
	at sun.reflect.NativeMethodAccessorImpl.invoke(NativeMethodAccessorImpl.java:62)
	at sun.reflect.DelegatingMethodAccessorImpl.invoke(DelegatingMethodAccessorImpl.java:43)
	at java.lang.reflect.Method.invoke(Method.java:498)
	at org.gradle.internal.dispatch.ReflectionDispatch.dispatch(ReflectionDispatch.java:36)
	at org.gradle.internal.dispatch.ReflectionDispatch.dispatch(ReflectionDispatch.java:24)
	at org.gradle.internal.remote.internal.hub.MessageHubBackedObjectConnection$DispatchWrapper.dispatch(MessageHubBackedObjectConnection.java:182)
	at org.gradle.internal.remote.internal.hub.MessageHubBackedObjectConnection$DispatchWrapper.dispatch(MessageHubBackedObjectConnection.java:164)
	at org.gradle.internal.remote.internal.hub.MessageHub$Handler.run(MessageHub.java:412)
	at org.gradle.internal.concurrent.ExecutorPolicy$CatchAndRecordFailures.onExecute(ExecutorPolicy.java:64)
	at org.gradle.internal.concurrent.ManagedExecutorImpl$1.run(ManagedExecutorImpl.java:48)
	at java.util.concurrent.ThreadPoolExecutor.runWorker(ThreadPoolExecutor.java:1149)
	at java.util.concurrent.ThreadPoolExecutor$Worker.run(ThreadPoolExecutor.java:624)
	at org.gradle.internal.concurrent.ThreadFactoryImpl$ManagedThreadRunnable.run(ThreadFactoryImpl.java:56)
	at java.lang.Thread.run(Thread.java:748)

]]></system-err>
</testsuite>
